--------------- Build Started: 11/05/2016 18:29:36 Project: Design01, Configuration: ARM GCC 4.9-2015-q1-update Debug ---------------
The code generation step is up to date.
arm-none-eabi-gcc.exe -mcpu=cortex-m0 -mthumb -Wno-main -I. -IGenerated_Source\PSoC4 -Wa,-alh=.\CortexM0\ARM_GCC_493\Debug/main.lst -g -D DEBUG -Wall -ffunction-sections -Og -ffat-lto-objects -c .\main.c -o .\CortexM0\ARM_GCC_493\Debug\main.o
.\main.c: In function 'main':
.\main.c:202:16: warning: pointer targets in passing argument 1 of 'strcpy' differ in signedness [-Wpointer-sign]
         strcpy(dc.name, "鏅鸿兘鍙扮伅");
                ^
In file included from d:\cyp\psoc creator\3.3\psoc creator\import\gnu\arm\4.9.3\arm-none-eabi\include\string.h:10:0,
                 from Generated_Source\PSoC4/CyLib.h:25,
                 from Generated_Source\PSoC4/UART.h:23,
                 from Generated_Source\PSoC4/project.h:21,
                 from .\main.c:12:
d:\cyp\psoc creator\3.3\psoc creator\import\gnu\arm\4.9.3\arm-none-eabi\include\string.h:30:8: note: expected 'char *' but argument is of type 'unsigned char *'
 char  *_EXFUN(strcpy,(char *__restrict, const char *__restrict));
        ^
arm-none-eabi-ar.exe -rs .\CortexM0\ARM_GCC_493\Debug\Design01.a .\CortexM0\ARM_GCC_493\Debug\cyfitter_cfg.o .\CortexM0\ARM_GCC_493\Debug\UART.o .\CortexM0\ARM_GCC_493\Debug\UART_SPI_UART.o .\CortexM0\ARM_GCC_493\Debug\UART_SPI_UART_INT.o .\CortexM0\ARM_GCC_493\Debug\UART_PM.o .\CortexM0\ARM_GCC_493\Debug\UART_UART.o .\CortexM0\ARM_GCC_493\Debug\UART_BOOT.o .\CortexM0\ARM_GCC_493\Debug\UART_UART_BOOT.o .\CortexM0\ARM_GCC_493\Debug\OutputPinSW.o .\CortexM0\ARM_GCC_493\Debug\OutputPinSW_PM.o .\CortexM0\ARM_GCC_493\Debug\InputPin.o .\CortexM0\ARM_GCC_493\Debug\InputPin_PM.o .\CortexM0\ARM_GCC_493\Debug\InputInterrupt.o .\CortexM0\ARM_GCC_493\Debug\UART_SCBCLK.o .\CortexM0\ARM_GCC_493\Debug\UART_tx.o .\CortexM0\ARM_GCC_493\Debug\UART_tx_PM.o .\CortexM0\ARM_GCC_493\Debug\UART_SCB_IRQ.o .\CortexM0\ARM_GCC_493\Debug\UART_rx.o .\CortexM0\ARM_GCC_493\Debug\UART_rx_PM.o .\CortexM0\ARM_GCC_493\Debug\CyBootAsmGnu.o .\CortexM0\ARM_GCC_493\Debug\CyFlash.o .\CortexM0\ARM_GCC_493\Debug\CyLib.o .\CortexM0\ARM_GCC_493\Debug\cyPm.o .\CortexM0\ARM_GCC_493\Debug\cyutils.o .\CortexM0\ARM_GCC_493\Debug\CyLFClk.o
arm-none-eabi-ar.exe: creating .\CortexM0\ARM_GCC_493\Debug\Design01.a
arm-none-eabi-gcc.exe -Wl,--start-group -o .\CortexM0\ARM_GCC_493\Debug\Design01.elf .\CortexM0\ARM_GCC_493\Debug\main.o .\CortexM0\ARM_GCC_493\Debug\cymetadata.o .\CortexM0\ARM_GCC_493\Debug\Cm0Start.o .\CortexM0\ARM_GCC_493\Debug\Design01.a "D:\cyp\PSoC Creator\3.3\PSoC Creator\psoc\content\cycomponentlibrary\CyComponentLibrary.cylib\CortexM0\ARM_GCC_493\Debug\CyComponentLibrary.a" -mcpu=cortex-m0 -mthumb -g -ffunction-sections -Og -L Generated_Source\PSoC4 -Wl,-Map,.\CortexM0\ARM_GCC_493\Debug/Design01.map -T Generated_Source\PSoC4\cm0gcc.ld -specs=nano.specs -Wl,--gc-sections -Wl,--end-group
cyelftool.exe -C "C:\Users\Administrator\Documents\PSoC Creator\DEVICE01\Design01.cydsn\CortexM0\ARM_GCC_493\Debug\Design01.elf" --flash_row_size 128 --flash_size 32768
cyelftool.exe -S "C:\Users\Administrator\Documents\PSoC Creator\DEVICE01\Design01.cydsn\CortexM0\ARM_GCC_493\Debug\Design01.elf"
Flash used: 3712 of 32768 bytes (11.3%).
SRAM used: 2340 of 4096 bytes (57.1%). Stack: 1024 bytes. Heap: 128 bytes.
--------------- Build Succeeded: 11/05/2016 18:29:37 ---------------
